INFO:root:Ran with args: ('Tom', 22), and kwargs: {}
INFO:root:Ran with args: ('Tom', 22), and kwargs: {}
INFO:root:Ran with args: (<__main__.TheAlgorithm object at 0x10ffb8240>, array([[ 0.,  0.,  0., ...,  0.,  0.,  0.],
       [ 0.,  0.,  0., ...,  0.,  0.,  0.],
       [ 0.,  0.,  0., ...,  0.,  0.,  0.],
       ..., 
       [ 0.,  0.,  0., ...,  0.,  0.,  0.],
       [ 0.,  0.,  0., ...,  0.,  0.,  0.],
       [ 0.,  0.,  0., ...,  0.,  0.,  0.]]), array([ 0.,  0.,  0., ...,  9.,  9.,  9.]), array([[ 0.,  0.,  0., ...,  0.,  0.,  0.],
       [ 0.,  0.,  0., ...,  0.,  0.,  0.],
       [ 0.,  0.,  0., ...,  0.,  0.,  0.],
       ..., 
       [ 0.,  0.,  0., ...,  0.,  0.,  0.],
       [ 0.,  0.,  0., ...,  0.,  0.,  0.],
       [ 0.,  0.,  0., ...,  0.,  0.,  0.]]), array([ 0.,  0.,  0., ...,  9.,  9.,  9.])), and kwargs: {}
INFO:root:Ran with args: (<__main__.TheAlgorithm object at 0x10ffb8240>,), and kwargs: {}
INFO:root:Ran with args: (<__main__.TheAlgorithm object at 0x10ffb8240>,), and kwargs: {}
INFO:root:Ran with args: ('Tom', 22), and kwargs: {}
INFO:root:Ran with args: ('Tom', 22), and kwargs: {}
INFO:root:Ran with args: (<regression.TheAlgorithm object at 0x104c212b0>, array([[ 0.,  0.,  0., ...,  0.,  0.,  0.],
       [ 0.,  0.,  0., ...,  0.,  0.,  0.],
       [ 0.,  0.,  0., ...,  0.,  0.,  0.],
       ..., 
       [ 0.,  0.,  0., ...,  0.,  0.,  0.],
       [ 0.,  0.,  0., ...,  0.,  0.,  0.],
       [ 0.,  0.,  0., ...,  0.,  0.,  0.]]), array([ 0.,  0.,  0., ...,  9.,  9.,  9.]), array([[ 0.,  0.,  0., ...,  0.,  0.,  0.],
       [ 0.,  0.,  0., ...,  0.,  0.,  0.],
       [ 0.,  0.,  0., ...,  0.,  0.,  0.],
       ..., 
       [ 0.,  0.,  0., ...,  0.,  0.,  0.],
       [ 0.,  0.,  0., ...,  0.,  0.,  0.],
       [ 0.,  0.,  0., ...,  0.,  0.,  0.]]), array([ 0.,  0.,  0., ...,  9.,  9.,  9.])), and kwargs: {}
INFO:root:Ran with args: (<regression.TheAlgorithm object at 0x104c212b0>,), and kwargs: {}
INFO:root:Ran with args: (<regression.TheAlgorithm object at 0x10ff9f588>, array([[ 0.,  0.,  0., ...,  0.,  0.,  0.],
       [ 0.,  0.,  0., ...,  0.,  0.,  0.],
       [ 0.,  0.,  0., ...,  0.,  0.,  0.],
       ..., 
       [ 0.,  0.,  0., ...,  0.,  0.,  0.],
       [ 0.,  0.,  0., ...,  0.,  0.,  0.],
       [ 0.,  0.,  0., ...,  0.,  0.,  0.]]), array([ 0.,  0.,  0., ...,  9.,  9.,  9.]), array([[ 0.,  0.,  0., ...,  0.,  0.,  0.],
       [ 0.,  0.,  0., ...,  0.,  0.,  0.],
       [ 0.,  0.,  0., ...,  0.,  0.,  0.],
       ..., 
       [ 0.,  0.,  0., ...,  0.,  0.,  0.],
       [ 0.,  0.,  0., ...,  0.,  0.,  0.],
       [ 0.,  0.,  0., ...,  0.,  0.,  0.]]), array([ 0.,  0.,  0., ...,  9.,  9.,  9.])), and kwargs: {}
INFO:root:Ran with args: (<regression.TheAlgorithm object at 0x10ff9f588>,), and kwargs: {}
INFO:root:Ran with args: (<regression.TheAlgorithm object at 0x10ff9f588>,), and kwargs: {}
